<?xml version="1.0" encoding="UTF-8"?>
<!-- Generated by org.testng.reporters.JUnitReportReporter -->
<testsuite hostname="DESKTOP-THPAN6E" failures="0" tests="1" name="CodeAssesment.SearchWordScenario.AppTest" time="34.117" errors="0" timestamp="2021-09-10T18:32:14 CDT" skipped="0">
  <testcase classname="CodeAssesment.SearchWordScenario.AppTest" name="verifyWordTable" time="34.117"/>
  <system-out/>
</testsuite> <!-- CodeAssesment.SearchWordScenario.AppTest -->
